0 info it worked if it ends with ok
1 verbose cli [ 'C:\\Program Files\\nodejs\\node.exe',
1 verbose cli   'C:\\Program Files\\nodejs\\node_modules\\npm\\bin\\npm-cli.js',
1 verbose cli   'start' ]
2 info using npm@3.10.10
3 info using node@v6.10.0
4 verbose run-script [ 'prestart', 'start', 'poststart' ]
5 info lifecycle bat@1.0.0~prestart: bat@1.0.0
6 silly lifecycle bat@1.0.0~prestart: no script for prestart, continuing
7 info lifecycle bat@1.0.0~start: bat@1.0.0
8 verbose lifecycle bat@1.0.0~start: unsafe-perm in lifecycle true
9 verbose lifecycle bat@1.0.0~start: PATH: C:\Users\Stamm\AppData\Roaming\nvm\v6.10.0\node_modules\npm\bin\node-gyp-bin;C:\Users\Stamm\BAT\node_modules\.bin;C:\Users\Stamm\bin;C:\Program Files\Git\mingw64\bin;C:\Program Files\Git\usr\local\bin;C:\Program Files\Git\usr\bin;C:\Program Files\Git\usr\bin;C:\Program Files\Git\mingw64\bin;C:\Program Files\Git\usr\bin;C:\Users\Stamm\bin;C:\Program Files\Oculus\Support\oculus-runtime;C:\ProgramData\Oracle\Java\javapath;C:\Python27;C:\Program Files (x86)\Intel\iCLS Client;C:\Program Files\Intel\iCLS Client;C:\WINDOWS\system32;C:\WINDOWS;C:\WINDOWS\System32\Wbem;C:\WINDOWS\System32\WindowsPowerShell\v1.0;C:\Program Files\Intel\Intel(R) Management Engine Components\DAL;C:\Program Files\Intel\Intel(R) Management Engine Components\IPT;C:\Program Files (x86)\Intel\Intel(R) Management Engine Components\DAL;C:\Program Files (x86)\Intel\Intel(R) Management Engine Components\IPT;C:\Program Files\Intel\WiFi\bin;C:\Program Files\Common Files\Intel\WirelessCommon;C:\Program Files\Lenovo\Fingerprint Manager Pro;C:\Program Files (x86)\Lenovo\Access Connections;C:\Program Files (x86)\Common Files\lenovo\easyplussdk\bin;C:\Program Files (x86)\Common Files\Lenovo;C:\SWTOOLS\ReadyApps;C:\Program Files\Microsoft SQL Server\110\Tools\Binn;C:\Program Files (x86)\Microsoft SDKs\TypeScript\1.0;C:\Program Files (x86)\Windows Kits\8.1\Windows Performance Toolkit;C:\Program Files\Java\jdk1.8.0_111\bin;_7_4_0;C:\Users\Stamm\AppData\Roaming\nvm;C:\Program Files\nodejs;C:\Program Files\PuTTY;C:\Program Files (x86)\Skype\Phone;C:\Program Files\Git\cmd;C:\Program Files (x86)\NVIDIA Corporation\PhysX\Common;C:\Users\Stamm\apache-maven-3.2.3\bin;C:\Program Files\hugo;C:\Users\Stamm\AppData\Local\Microsoft\WindowsApps;C:\Users\Stamm\AppData\Local\atom\bin;C:\Users\Stamm\AppData\Roaming\npm;C:\Users\Stamm\AppData\Roaming\nvm;C:\Program Files\nodejs;C:\Program Files\Microsoft VS Code\bin;C:\Program Files\Git\usr\bin\vendor_perl;C:\Program Files\Git\usr\bin\core_perl
10 verbose lifecycle bat@1.0.0~start: CWD: C:\Users\Stamm\BAT
11 silly lifecycle bat@1.0.0~start: Args: [ '/d /s /c', 'node server' ]
12 silly lifecycle bat@1.0.0~start: Returned: code: 1  signal: null
13 info lifecycle bat@1.0.0~start: Failed to exec start script
14 verbose stack Error: bat@1.0.0 start: `node server`
14 verbose stack Exit status 1
14 verbose stack     at EventEmitter.<anonymous> (C:\Users\Stamm\AppData\Roaming\nvm\v6.10.0\node_modules\npm\lib\utils\lifecycle.js:255:16)
14 verbose stack     at emitTwo (events.js:106:13)
14 verbose stack     at EventEmitter.emit (events.js:191:7)
14 verbose stack     at ChildProcess.<anonymous> (C:\Users\Stamm\AppData\Roaming\nvm\v6.10.0\node_modules\npm\lib\utils\spawn.js:40:14)
14 verbose stack     at emitTwo (events.js:106:13)
14 verbose stack     at ChildProcess.emit (events.js:191:7)
14 verbose stack     at maybeClose (internal/child_process.js:877:16)
14 verbose stack     at Process.ChildProcess._handle.onexit (internal/child_process.js:226:5)
15 verbose pkgid bat@1.0.0
16 verbose cwd C:\Users\Stamm\BAT
17 error Windows_NT 10.0.15063
18 error argv "C:\\Program Files\\nodejs\\node.exe" "C:\\Program Files\\nodejs\\node_modules\\npm\\bin\\npm-cli.js" "start"
19 error node v6.10.0
20 error npm  v3.10.10
21 error code ELIFECYCLE
22 error bat@1.0.0 start: `node server`
22 error Exit status 1
23 error Failed at the bat@1.0.0 start script 'node server'.
23 error Make sure you have the latest version of node.js and npm installed.
23 error If you do, this is most likely a problem with the bat package,
23 error not with npm itself.
23 error Tell the author that this fails on your system:
23 error     node server
23 error You can get information on how to open an issue for this project with:
23 error     npm bugs bat
23 error Or if that isn't available, you can get their info via:
23 error     npm owner ls bat
23 error There is likely additional logging output above.
24 verbose exit [ 1, true ]
